<?xml version="1.0" encoding="UTF-8"?>
<testng-results skipped="0" failed="1" ignored="0" total="1" passed="0">
  <reporter-output>
  </reporter-output>
  <suite name="Default suite" duration-ms="136989" started-at="2018-07-14T15:05:07Z" finished-at="2018-07-14T15:07:24Z">
    <groups>
    </groups>
    <test name="Default test" duration-ms="136989" started-at="2018-07-14T15:05:07Z" finished-at="2018-07-14T15:07:24Z">
      <class name="ebayApp.EbayNativeApp">
        <test-method status="PASS" signature="Launchapp()[pri:0, instance:ebayApp.EbayNativeApp@113b13f]" name="Launchapp" is-config="true" duration-ms="85890" started-at="2018-07-14T15:05:07Z" finished-at="2018-07-14T15:06:33Z">
          <reporter-output>
          </reporter-output>
        </test-method> <!-- Launchapp -->
        <test-method status="FAIL" signature="Login()[pri:0, instance:ebayApp.EbayNativeApp@113b13f]" name="Login" duration-ms="32086" started-at="2018-07-14T15:06:33Z" finished-at="2018-07-14T15:07:05Z">
          <exception class="org.openqa.selenium.NoSuchElementException">
            <message>
              <![CDATA[An element could not be located on the page using the given search parameters. (WARNING: The server did not provide any stacktrace information)
Command duration or timeout: 32.07 seconds
For documentation on this error, please visit: http://seleniumhq.org/exceptions/no_such_element.html
Build info: version: 'unknown', revision: '1969d75', time: '2016-10-18 09:43:45 -0700'
System info: host: 'TVMATP95695L', ip: '192.168.8.100', os.name: 'Windows 7', os.arch: 'x86', os.version: '6.1', java.version: '1.8.0_111'
Driver info: io.appium.java_client.android.AndroidDriver
Capabilities [{app=D:\Appium_Req\eBay.apk, appPackage=com.ebay.mobile, deviceScreenSize=800x1280, networkConnectionEnabled=true, warnings={}, databaseEnabled=false, version=5.5.1, deviceName=emulator-5554, platform=WINDOWS, deviceUDID=emulator-5554, appActivity=.activities.MainActivity, desired={app=D:\Appium_Req\eBay.apk, appPackage=com.ebay.mobile, appActivity=.activities.MainActivity, newCommandTimeout=60, platformName=Android, version=5.5.1, deviceName=emulator-5554, platform=WINDOWS}, newCommandTimeout=60, platformVersion=5.1.1, webStorageEnabled=false, locationContextEnabled=false, takesScreenshot=true, javascriptEnabled=true, deviceModel=sdk_phone_armv7, platformName=Android, deviceManufacturer=unknown}]
Session ID: 8e4ffd4c-e9c2-4ba8-9716-3a8123184b0e
*** Element info: {Using=id, value=com.ebay.mobile:id/home_sign_in_image}]]>
            </message>
            <full-stacktrace>
              <![CDATA[org.openqa.selenium.NoSuchElementException: An element could not be located on the page using the given search parameters. (WARNING: The server did not provide any stacktrace information)
Command duration or timeout: 32.07 seconds
For documentation on this error, please visit: http://seleniumhq.org/exceptions/no_such_element.html
Build info: version: 'unknown', revision: '1969d75', time: '2016-10-18 09:43:45 -0700'
System info: host: 'TVMATP95695L', ip: '192.168.8.100', os.name: 'Windows 7', os.arch: 'x86', os.version: '6.1', java.version: '1.8.0_111'
Driver info: io.appium.java_client.android.AndroidDriver
Capabilities [{app=D:\Appium_Req\eBay.apk, appPackage=com.ebay.mobile, deviceScreenSize=800x1280, networkConnectionEnabled=true, warnings={}, databaseEnabled=false, version=5.5.1, deviceName=emulator-5554, platform=WINDOWS, deviceUDID=emulator-5554, appActivity=.activities.MainActivity, desired={app=D:\Appium_Req\eBay.apk, appPackage=com.ebay.mobile, appActivity=.activities.MainActivity, newCommandTimeout=60, platformName=Android, version=5.5.1, deviceName=emulator-5554, platform=WINDOWS}, newCommandTimeout=60, platformVersion=5.1.1, webStorageEnabled=false, locationContextEnabled=false, takesScreenshot=true, javascriptEnabled=true, deviceModel=sdk_phone_armv7, platformName=Android, deviceManufacturer=unknown}]
Session ID: 8e4ffd4c-e9c2-4ba8-9716-3a8123184b0e
*** Element info: {Using=id, value=com.ebay.mobile:id/home_sign_in_image}
at sun.reflect.NativeConstructorAccessorImpl.newInstance0(Native Method)
at sun.reflect.NativeConstructorAccessorImpl.newInstance(Unknown Source)
at sun.reflect.DelegatingConstructorAccessorImpl.newInstance(Unknown Source)
at java.lang.reflect.Constructor.newInstance(Unknown Source)
at org.openqa.selenium.remote.ErrorHandler.createThrowable(ErrorHandler.java:216)
at org.openqa.selenium.remote.ErrorHandler.throwIfResponseFailed(ErrorHandler.java:168)
at org.openqa.selenium.remote.RemoteWebDriver.execute(RemoteWebDriver.java:635)
at io.appium.java_client.DefaultGenericMobileDriver.execute(DefaultGenericMobileDriver.java:42)
at io.appium.java_client.AppiumDriver.execute(AppiumDriver.java:1)
at io.appium.java_client.android.AndroidDriver.execute(AndroidDriver.java:1)
at org.openqa.selenium.remote.RemoteWebDriver.findElement(RemoteWebDriver.java:368)
at io.appium.java_client.DefaultGenericMobileDriver.findElement(DefaultGenericMobileDriver.java:62)
at io.appium.java_client.AppiumDriver.findElement(AppiumDriver.java:1)
at io.appium.java_client.android.AndroidDriver.findElement(AndroidDriver.java:1)
at org.openqa.selenium.remote.RemoteWebDriver.findElementById(RemoteWebDriver.java:417)
at io.appium.java_client.DefaultGenericMobileDriver.findElementById(DefaultGenericMobileDriver.java:70)
at io.appium.java_client.AppiumDriver.findElementById(AppiumDriver.java:1)
at io.appium.java_client.android.AndroidDriver.findElementById(AndroidDriver.java:1)
at org.openqa.selenium.By$ById.findElement(By.java:218)
at org.openqa.selenium.remote.RemoteWebDriver.findElement(RemoteWebDriver.java:360)
at io.appium.java_client.DefaultGenericMobileDriver.findElement(DefaultGenericMobileDriver.java:58)
at io.appium.java_client.AppiumDriver.findElement(AppiumDriver.java:1)
at io.appium.java_client.android.AndroidDriver.findElement(AndroidDriver.java:1)
at ebayApp.EbayNativeApp.Login(EbayNativeApp.java:67)
at sun.reflect.NativeMethodAccessorImpl.invoke0(Native Method)
at sun.reflect.NativeMethodAccessorImpl.invoke(Unknown Source)
at sun.reflect.DelegatingMethodAccessorImpl.invoke(Unknown Source)
at java.lang.reflect.Method.invoke(Unknown Source)
at org.testng.internal.MethodInvocationHelper.invokeMethod(MethodInvocationHelper.java:124)
at org.testng.internal.Invoker.invokeMethod(Invoker.java:580)
at org.testng.internal.Invoker.invokeTestMethod(Invoker.java:716)
at org.testng.internal.Invoker.invokeTestMethods(Invoker.java:988)
at org.testng.internal.TestMethodWorker.invokeTestMethods(TestMethodWorker.java:125)
at org.testng.internal.TestMethodWorker.run(TestMethodWorker.java:109)
at org.testng.TestRunner.privateRun(TestRunner.java:648)
at org.testng.TestRunner.run(TestRunner.java:505)
at org.testng.SuiteRunner.runTest(SuiteRunner.java:455)
at org.testng.SuiteRunner.runSequentially(SuiteRunner.java:450)
at org.testng.SuiteRunner.privateRun(SuiteRunner.java:415)
at org.testng.SuiteRunner.run(SuiteRunner.java:364)
at org.testng.SuiteRunnerWorker.runSuite(SuiteRunnerWorker.java:52)
at org.testng.SuiteRunnerWorker.run(SuiteRunnerWorker.java:84)
at org.testng.TestNG.runSuitesSequentially(TestNG.java:1208)
at org.testng.TestNG.runSuitesLocally(TestNG.java:1137)
at org.testng.TestNG.runSuites(TestNG.java:1049)
at org.testng.TestNG.run(TestNG.java:1017)
at org.testng.remote.AbstractRemoteTestNG.run(AbstractRemoteTestNG.java:114)
at org.testng.remote.RemoteTestNG.initAndRun(RemoteTestNG.java:251)
at org.testng.remote.RemoteTestNG.main(RemoteTestNG.java:77)
]]>
            </full-stacktrace>
          </exception> <!-- org.openqa.selenium.NoSuchElementException -->
          <reporter-output>
          </reporter-output>
        </test-method> <!-- Login -->
        <test-method status="PASS" signature="teardown()[pri:0, instance:ebayApp.EbayNativeApp@113b13f]" name="teardown" is-config="true" duration-ms="18974" started-at="2018-07-14T15:07:05Z" finished-at="2018-07-14T15:07:24Z">
          <reporter-output>
          </reporter-output>
        </test-method> <!-- teardown -->
      </class> <!-- ebayApp.EbayNativeApp -->
    </test> <!-- Default test -->
  </suite> <!-- Default suite -->
</testng-results>
